\BOOKMARK [1][-]{section.1}{Optimized Structures}{}% 1
\BOOKMARK [2][-]{subsection.1.1}{Cone on the top}{section.1}% 2
\BOOKMARK [3][-]{subsubsection.1.1.1}{Four Variables Implementation}{subsection.1.1}% 3
\BOOKMARK [3][-]{subsubsection.1.1.2}{Effective Thickness Constraint}{subsection.1.1}% 4
\BOOKMARK [3][-]{subsubsection.1.1.3}{Total Thickness Constraint Implementation}{subsection.1.1}% 5
\BOOKMARK [2][-]{subsection.1.2}{Cone on the bottom}{section.1}% 6
\BOOKMARK [3][-]{subsubsection.1.2.1}{Effective Thickness Constraint Implementation}{subsection.1.2}% 7
\BOOKMARK [3][-]{subsubsection.1.2.2}{Total Thickness Constraint Implementation}{subsection.1.2}% 8
\BOOKMARK [2][-]{subsection.1.3}{Cone on both top and bottom}{section.1}% 9
\BOOKMARK [3][-]{subsubsection.1.3.1}{Same Pitch on Both Top and Bottom}{subsection.1.3}% 10
\BOOKMARK [3][-]{subsubsection.1.3.2}{Cone Arrays with Different Pitches on Both Top and Bottom}{subsection.1.3}% 11
\BOOKMARK [3][-]{subsubsection.1.3.3}{Integer Optimization Implementation}{subsection.1.3}% 12
\BOOKMARK [3][-]{subsubsection.1.3.4}{Reduced Variable Integer Optimization Implementation}{subsection.1.3}% 13
\BOOKMARK [2][-]{subsection.1.4}{Cone hole on the top}{section.1}% 14
\BOOKMARK [3][-]{subsubsection.1.4.1}{Five Variables Implementation}{subsection.1.4}% 15
\BOOKMARK [3][-]{subsubsection.1.4.2}{Four Variables Implementation}{subsection.1.4}% 16
\BOOKMARK [3][-]{subsubsection.1.4.3}{Total Thickness Constraint Implementation}{subsection.1.4}% 17
\BOOKMARK [2][-]{subsection.1.5}{Cone hole on the bottom}{section.1}% 18
\BOOKMARK [3][-]{subsubsection.1.5.1}{Five Variables Implementation}{subsection.1.5}% 19
\BOOKMARK [3][-]{subsubsection.1.5.2}{Four Variables Implementation}{subsection.1.5}% 20
\BOOKMARK [3][-]{subsubsection.1.5.3}{Total Thickness Constraint Implementation}{subsection.1.5}% 21
\BOOKMARK [2][-]{subsection.1.6}{Cone hole on both top and bottom}{section.1}% 22
\BOOKMARK [3][-]{subsubsection.1.6.1}{Symmetric Cone on Both Top and Bottom}{subsection.1.6}% 23
\BOOKMARK [3][-]{subsubsection.1.6.2}{Asymmetric Cone on Both Top and Bottom}{subsection.1.6}% 24
\BOOKMARK [3][-]{subsubsection.1.6.3}{Matlab Implementation}{subsection.1.6}% 25
\BOOKMARK [1][-]{section.2}{General Matlab Implementation}{}% 26
\BOOKMARK [2][-]{subsection.2.1}{Writing Lumerical Objects}{section.2}% 27
\BOOKMARK [2][-]{subsection.2.2}{Objects}{section.2}% 28
\BOOKMARK [2][-]{subsection.2.3}{Constraint conditions implementation}{section.2}% 29
\BOOKMARK [3][-]{subsubsection.2.3.1}{Optimization with integer constraints}{subsection.2.3}% 30
\BOOKMARK [3][-]{subsubsection.2.3.2}{Naming Convention}{subsection.2.3}% 31
